Arguments: 
  /opt/homebrew/Cellar/node/18.8.0/bin/node /opt/homebrew/bin/yarn test

PATH: 
  /opt/homebrew/Cellar/pyenv-virtualenv/1.1.5/shims:/Users/note/.pyenv/shims:/opt/homebrew/bin:/usr/local/bin:/usr/bin:/bin:/usr/sbin:/sbin

Yarn version: 
  1.22.19

Node version: 
  18.8.0

Platform: 
  darwin arm64

Trace: 
  SyntaxError: /Users/note/Desktop/repository/test-axios/package.json: Unexpected token } in JSON at position 128
      at JSON.parse (<anonymous>)
      at /opt/homebrew/lib/node_modules/yarn/lib/cli.js:1629:59
      at Generator.next (<anonymous>)
      at step (/opt/homebrew/lib/node_modules/yarn/lib/cli.js:310:30)
      at /opt/homebrew/lib/node_modules/yarn/lib/cli.js:321:13

npm manifest: 
  {
    "name": "test-axios",
    "version": "1.0.0",
    "description": "",
    "main": "index.js",
    "scripts": {
      "test": "jest",
    },
    "keywords": [],
    "author": "",
    "license": "ISC",
    "dependencies": {
      "axios": "^1.1.3",
      "jest": "^29.2.1",
      "yarn": "^1.22.19"
    }
  }

yarn manifest: 
  No manifest

Lockfile: 
  No lockfile
